# JRE version: OpenJDK Runtime Environment (8.0_252-b09) (build 1.8.0_252-8u252-b09-1~18.04-b09)
# Java VM: OpenJDK 64-Bit Server VM (25.252-b09 mixed mode linux-amd64 compressed oops)
Heap:
 PSYoungGen      total 9820672K, used 1435986K [0x0000000580100000, 0x00000007f8700000, 0x0000000800000000)
  eden space 9777664K, 14% used [0x0000000580100000,0x00000005d51b24d8,0x00000007d4d80000)
  from space 43008K, 99% used [0x00000007f1780000,0x00000007f4122400,0x00000007f4180000)
  to   space 71168K, 0% used [0x00000007f4180000,0x00000007f4180000,0x00000007f8700000)
 ParOldGen       total 2996736K, used 1882853K [0x0000000080200000, 0x0000000137080000, 0x0000000580100000)
  object space 2996736K, 62% used [0x0000000080200000,0x00000000f30b96a0,0x0000000137080000)
 Metaspace       used 29414K, capacity 29811K, committed 29952K, reserved 1075200K
  class space    used 3359K, capacity 3464K, committed 3584K, reserved 1048576K
GC Heap History (10 events):
Event: 721.621 GC heap before
{Heap before GC invocations=18 (full 3):
 PSYoungGen      total 10360832K, used 10243026K [0x0000000580100000, 0x0000000800000000, 0x0000000800000000)
  eden space 10237952K, 100% used [0x0000000580100000,0x00000007f0f00000,0x00000007f0f00000)
  from space 122880K, 4% used [0x00000007f8800000,0x00000007f8cf4bd0,0x0000000800000000)
  to   space 123392K, 0% used [0x00000007f0f00000,0x00000007f0f00000,0x00000007f8780000)
 ParOldGen       total 2996736K, used 1879709K [0x0000000080200000, 0x0000000137080000, 0x0000000580100000)
  object space 2996736K, 62% used [0x0000000080200000,0x00000000f2da76a0,0x0000000137080000)
 Metaspace       used 29078K, capacity 29479K, committed 29696K, reserved 1075200K
  class space    used 3338K, capacity 3462K, committed 3584K, reserved 1048576K
Event: 721.624 GC heap after
Heap after GC invocations=18 (full 3):
 PSYoungGen      total 10243584K, used 5141K [0x0000000580100000, 0x00000007ffd80000, 0x0000000800000000)
  eden space 10237952K, 0% used [0x0000000580100000,0x0000000580100000,0x00000007f0f00000)
  from space 5632K, 91% used [0x00000007f0f00000,0x00000007f14055f0,0x00000007f1480000)
  to   space 121856K, 0% used [0x00000007f8680000,0x00000007f8680000,0x00000007ffd80000)
 ParOldGen       total 2996736K, used 1880309K [0x0000000080200000, 0x0000000137080000, 0x0000000580100000)
  object space 2996736K, 62% used [0x0000000080200000,0x00000000f2e3d6a0,0x0000000137080000)
 Metaspace       used 29078K, capacity 29479K, committed 29696K, reserved 1075200K
  class space    used 3338K, capacity 3462K, committed 3584K, reserved 1048576K
}
Event: 728.634 GC heap before
{Heap before GC invocations=19 (full 3):
 PSYoungGen      total 10243584K, used 10243093K [0x0000000580100000, 0x00000007ffd80000, 0x0000000800000000)
  eden space 10237952K, 100% used [0x0000000580100000,0x00000007f0f00000,0x00000007f0f00000)
  from space 5632K, 91% used [0x00000007f0f00000,0x00000007f14055f0,0x00000007f1480000)
  to   space 121856K, 0% used [0x00000007f8680000,0x00000007f8680000,0x00000007ffd80000)
 ParOldGen       total 2996736K, used 1880309K [0x0000000080200000, 0x0000000137080000, 0x0000000580100000)
  object space 2996736K, 62% used [0x0000000080200000,0x00000000f2e3d6a0,0x0000000137080000)
 Metaspace       used 29080K, capacity 29479K, committed 29696K, reserved 1075200K
  class space    used 3338K, capacity 3462K, committed 3584K, reserved 1048576K
Event: 728.637 GC heap after
Heap after GC invocations=19 (full 3):
 PSYoungGen      total 10362368K, used 5060K [0x0000000580100000, 0x0000000800000000, 0x0000000800000000)
  eden space 10240512K, 0% used [0x0000000580100000,0x0000000580100000,0x00000007f1180000)
  from space 121856K, 4% used [0x00000007f8680000,0x00000007f8b713d0,0x00000007ffd80000)
  to   space 119808K, 0% used [0x00000007f1180000,0x00000007f1180000,0x00000007f8680000)
 ParOldGen       total 2996736K, used 1880973K [0x0000000080200000, 0x0000000137080000, 0x0000000580100000)
  object space 2996736K, 62% used [0x0000000080200000,0x00000000f2ee36a0,0x0000000137080000)
 Metaspace       used 29080K, capacity 29479K, committed 29696K, reserved 1075200K
  class space    used 3338K, capacity 3462K, committed 3584K, reserved 1048576K
}
Event: 735.662 GC heap before
{Heap before GC invocations=20 (full 3):
 PSYoungGen      total 10362368K, used 10245572K [0x0000000580100000, 0x0000000800000000, 0x0000000800000000)
  eden space 10240512K, 100% used [0x0000000580100000,0x00000007f1180000,0x00000007f1180000)
  from space 121856K, 4% used [0x00000007f8680000,0x00000007f8b713d0,0x00000007ffd80000)
  to   space 119808K, 0% used [0x00000007f1180000,0x00000007f1180000,0x00000007f8680000)
 ParOldGen       total 2996736K, used 1880973K [0x0000000080200000, 0x0000000137080000, 0x0000000580100000)
  object space 2996736K, 62% used [0x0000000080200000,0x00000000f2ee36a0,0x0000000137080000)
 Metaspace       used 29082K, capacity 29479K, committed 29696K, reserved 1075200K
  class space    used 3338K, capacity 3462K, committed 3584K, reserved 1048576K
Event: 735.665 GC heap after
Heap after GC invocations=20 (full 3):
 PSYoungGen      total 10360320K, used 4942K [0x0000000580100000, 0x00000007ff900000, 0x0000000800000000)
  eden space 10240512K, 0% used [0x0000000580100000,0x0000000580100000,0x00000007f1180000)
  from space 119808K, 4% used [0x00000007f1180000,0x00000007f1653a20,0x00000007f8680000)
  to   space 117248K, 0% used [0x00000007f8680000,0x00000007f8680000,0x00000007ff900000)
 ParOldGen       total 2996736K, used 1881613K [0x0000000080200000, 0x0000000137080000, 0x0000000580100000)
  object space 2996736K, 62% used [0x0000000080200000,0x00000000f2f836a0,0x0000000137080000)
 Metaspace       used 29082K, capacity 29479K, committed 29696K, reserved 1075200K
  class space    used 3338K, capacity 3462K, committed 3584K, reserved 1048576K
}
Event: 742.724 GC heap before
{Heap before GC invocations=21 (full 3):
 PSYoungGen      total 10360320K, used 10245454K [0x0000000580100000, 0x00000007ff900000, 0x0000000800000000)
  eden space 10240512K, 100% used [0x0000000580100000,0x00000007f1180000,0x00000007f1180000)
  from space 119808K, 4% used [0x00000007f1180000,0x00000007f1653a20,0x00000007f8680000)
  to   space 117248K, 0% used [0x00000007f8680000,0x00000007f8680000,0x00000007ff900000)
 ParOldGen       total 2996736K, used 1881613K [0x0000000080200000, 0x0000000137080000, 0x0000000580100000)
  object space 2996736K, 62% used [0x0000000080200000,0x00000000f2f836a0,0x0000000137080000)
 Metaspace       used 29112K, capacity 29543K, committed 29696K, reserved 1075200K
  class space    used 3338K, capacity 3462K, committed 3584K, reserved 1048576K
Event: 742.726 GC heap after
Heap after GC invocations=21 (full 3):
 PSYoungGen      total 10361344K, used 5086K [0x0000000580100000, 0x00000007ff680000, 0x0000000800000000)
  eden space 10246656K, 0% used [0x0000000580100000,0x0000000580100000,0x00000007f1780000)
  from space 114688K, 4% used [0x00000007f8680000,0x00000007f8b77a68,0x00000007ff680000)
  to   space 113664K, 0% used [0x00000007f1780000,0x00000007f1780000,0x00000007f8680000)
 ParOldGen       total 2996736K, used 1882237K [0x0000000080200000, 0x0000000137080000, 0x0000000580100000)
  object space 2996736K, 62% used [0x0000000080200000,0x00000000f301f6a0,0x0000000137080000)
 Metaspace       used 29112K, capacity 29543K, committed 29696K, reserved 1075200K
  class space    used 3338K, capacity 3462K, committed 3584K, reserved 1048576K
}
Event: 2077.620 GC heap before
{Heap before GC invocations=22 (full 3):
 PSYoungGen      total 10361344K, used 10251332K [0x0000000580100000, 0x00000007ff680000, 0x0000000800000000)
  eden space 10246656K, 99% used [0x0000000580100000,0x00000007f1719938,0x00000007f1780000)
  from space 114688K, 4% used [0x00000007f8680000,0x00000007f8b77a68,0x00000007ff680000)
  to   space 113664K, 0% used [0x00000007f1780000,0x00000007f1780000,0x00000007f8680000)
 ParOldGen       total 2996736K, used 1882237K [0x0000000080200000, 0x0000000137080000, 0x0000000580100000)
  object space 2996736K, 62% used [0x0000000080200000,0x00000000f301f6a0,0x0000000137080000)
 Metaspace       used 29400K, capacity 29811K, committed 29952K, reserved 1075200K
  class space    used 3359K, capacity 3464K, committed 3584K, reserved 1048576K
Event: 2077.684 GC heap after
Heap after GC invocations=22 (full 3):
 PSYoungGen      total 9820672K, used 42633K [0x0000000580100000, 0x00000007f8700000, 0x0000000800000000)
  eden space 9777664K, 0% used [0x0000000580100000,0x0000000580100000,0x00000007d4d80000)
  from space 43008K, 99% used [0x00000007f1780000,0x00000007f4122400,0x00000007f4180000)
  to   space 71168K, 0% used [0x00000007f4180000,0x00000007f4180000,0x00000007f8700000)
 ParOldGen       total 2996736K, used 1882853K [0x0000000080200000, 0x0000000137080000, 0x0000000580100000)
  object space 2996736K, 62% used [0x0000000080200000,0x00000000f30b96a0,0x0000000137080000)
 Metaspace       used 29400K, capacity 29811K, committed 29952K, reserved 1075200K
  class space    used 3359K, capacity 3464K, committed 3584K, reserved 1048576K
}

